<?xml version="1.0" encoding="UTF-8"?>
<!-- Generated by org.testng.reporters.JUnitXMLReporter -->
<testsuite ignored="0" hostname="PPC" failures="0" tests="3" name="Test" time="38.641" errors="0" timestamp="2023-01-03T21:31:06 IST">
  <testcase classname="SwagLabs_Tests.SwagLabs_LoginTest" name="Login" time="2.167"/>
  <testcase classname="SwagLabs_Tests.SwagLabs_LogoutTest" name="Login" time="5.141"/>
  <testcase classname="SwagLabs_Tests.SwagLabs_AddToCart" name="Login" time="9.189"/>
</testsuite> <!-- Test -->
