<?xml version="1.0" encoding="UTF-8"?>
<!-- Generated by org.testng.reporters.JUnitXMLReporter -->
<testsuite ignored="0" hostname="PPC" failures="1" tests="1" name="Test" time="1.998" errors="0" timestamp="2023-01-03T14:06:26 IST">
  <testcase classname="SwagLabs_Tests.SwagLabs_LoginTest" name="Login" time="1.946">
    <failure type="java.lang.NullPointerException" message="Cannot invoke &amp;quot;org.openqa.selenium.WebDriver.manage()&amp;quot; because &amp;quot;this.driver&amp;quot; is null">
      <![CDATA[java.lang.NullPointerException: Cannot invoke "org.openqa.selenium.WebDriver.manage()" because "this.driver" is null
at SwagLabs_Tests.SwagLabs_LoginTest.Login(SwagLabs_LoginTest.java:25)
at java.base/java.util.ArrayList.forEach(ArrayList.java:1511)
... Removed 25 stack frames]]>
    </failure>
  </testcase> <!-- Login -->
</testsuite> <!-- Test -->
