<?xml version="1.0" encoding="UTF-8"?>
<testng-results ignored="0" total="1" passed="1" failed="0" skipped="0">
  <reporter-output>
  </reporter-output>
  <suite started-at="2023-01-05T16:30:37 IST" name="Default suite" finished-at="2023-01-05T16:30:50 IST" duration-ms="12280">
    <groups>
    </groups>
    <test started-at="2023-01-05T16:30:37 IST" name="Default test" finished-at="2023-01-05T16:30:50 IST" duration-ms="12280">
      <class name="SwagLabs_Tests.SwagLabs_PlacingOrder">
        <test-method signature="Order()[pri:0, instance:SwagLabs_Tests.SwagLabs_PlacingOrder@76508ed1]" started-at="2023-01-05T16:30:37 IST" name="Order" finished-at="2023-01-05T16:30:50 IST" duration-ms="12219" status="PASS">
          <reporter-output>
          </reporter-output>
        </test-method> <!-- Order -->
      </class> <!-- SwagLabs_Tests.SwagLabs_PlacingOrder -->
    </test> <!-- Default test -->
  </suite> <!-- Default suite -->
</testng-results>
