<?xml version="1.0" encoding="UTF-8"?>
<testng-results ignored="0" total="1" passed="1" failed="0" skipped="0">
  <reporter-output>
  </reporter-output>
  <suite started-at="2023-01-03T16:35:32 IST" name="Default suite" finished-at="2023-01-03T16:35:43 IST" duration-ms="11095">
    <groups>
    </groups>
    <test started-at="2023-01-03T16:35:32 IST" name="Default test" finished-at="2023-01-03T16:35:43 IST" duration-ms="11095">
      <class name="SwagLabs_Tests.SwagLabs_LoginTest">
        <test-method is-config="true" signature="Setup()[pri:0, instance:SwagLabs_Tests.SwagLabs_LoginTest@1d2adfbe]" started-at="2023-01-03T16:35:32 IST" name="Setup" finished-at="2023-01-03T16:35:38 IST" duration-ms="5946" status="PASS">
          <reporter-output>
          </reporter-output>
        </test-method> <!-- Setup -->
        <test-method signature="Login()[pri:0, instance:SwagLabs_Tests.SwagLabs_LoginTest@1d2adfbe]" started-at="2023-01-03T16:35:38 IST" name="Login" finished-at="2023-01-03T16:35:40 IST" duration-ms="1953" status="PASS">
          <reporter-output>
          </reporter-output>
        </test-method> <!-- Login -->
        <test-method is-config="true" signature="Teardown()[pri:0, instance:SwagLabs_Tests.SwagLabs_LoginTest@1d2adfbe]" started-at="2023-01-03T16:35:40 IST" name="Teardown" finished-at="2023-01-03T16:35:43 IST" duration-ms="3138" status="PASS">
          <reporter-output>
          </reporter-output>
        </test-method> <!-- Teardown -->
      </class> <!-- SwagLabs_Tests.SwagLabs_LoginTest -->
    </test> <!-- Default test -->
  </suite> <!-- Default suite -->
</testng-results>
